<?xml version="1.0" encoding="UTF-8"?>
<!-- Generated by org.testng.reporters.JUnitReportReporter -->
<testsuite skipped="0" hostname="PK359s.local" name="java_TestNG.tests.LoginTests" tests="2" failures="0" timestamp="28 Dec 2023 12:55:44 GMT" time="8.907" errors="0">
  <testcase name="login" time="7.218" classname="java_TestNG.tests.LoginTests"/>
  <testcase name="logout" time="1.689" classname="java_TestNG.tests.LoginTests"/>
</testsuite> <!-- java_TestNG.tests.LoginTests -->
